c:\users\vinh\source\repos\fckk.sln\fckk\debug\vc142.pdb
c:\users\vinh\source\repos\fckk.sln\fckk\debug\vc142.idb
c:\users\vinh\source\repos\fckk.sln\fckk\debug\source.obj
c:\users\vinh\source\repos\fckk.sln\fckk\debug\nodedata.obj
c:\users\vinh\source\repos\fckk.sln\fckk\debug\linkedlist.obj
c:\users\vinh\source\repos\fckk.sln\fckk\debug\dbhelper.obj
c:\users\vinh\source\repos\fckk.sln\fckk\debug\vephim.obj
c:\users\vinh\source\repos\fckk.sln\fckk\debug\time.obj
c:\users\vinh\source\repos\fckk.sln\fckk\debug\lichchieu.obj
c:\users\vinh\source\repos\fckk.sln\fckk\debug\date.obj
c:\users\vinh\source\repos\fckk.sln\fckk\debug\bophim.obj
c:\users\vinh\source\repos\fckk.sln\fckk\debug\phongchieu.obj
c:\users\vinh\source\repos\fckk.sln\fckk\debug\mainmenu.obj
c:\users\vinh\source\repos\fckk.sln\debug\fckk.exe
c:\users\vinh\source\repos\fckk.sln\debug\fckk.ilk
c:\users\vinh\source\repos\fckk.sln\debug\fckk.pdb
c:\users\vinh\source\repos\fckk.sln\fckk\debug\espc76d.tmp
c:\users\vinh\source\repos\fckk.sln\fckk\debug\bophim.nativecodeanalysis.xml
c:\users\vinh\source\repos\fckk.sln\fckk\debug\date.nativecodeanalysis.xml
c:\users\vinh\source\repos\fckk.sln\fckk\debug\dbhelper.nativecodeanalysis.xml
c:\users\vinh\source\repos\fckk.sln\fckk\debug\lichchieu.nativecodeanalysis.xml
c:\users\vinh\source\repos\fckk.sln\fckk\debug\mainmenu.nativecodeanalysis.xml
c:\users\vinh\source\repos\fckk.sln\fckk\debug\phongchieu.nativecodeanalysis.xml
c:\users\vinh\source\repos\fckk.sln\fckk\debug\time.nativecodeanalysis.xml
c:\users\vinh\source\repos\fckk.sln\fckk\debug\vephim.nativecodeanalysis.xml
c:\users\vinh\source\repos\fckk.sln\fckk\debug\fckk.tlog\cl.command.1.tlog
c:\users\vinh\source\repos\fckk.sln\fckk\debug\fckk.tlog\cl.read.1.tlog
c:\users\vinh\source\repos\fckk.sln\fckk\debug\fckk.tlog\cl.write.1.tlog
c:\users\vinh\source\repos\fckk.sln\fckk\debug\fckk.tlog\link.command.1.tlog
c:\users\vinh\source\repos\fckk.sln\fckk\debug\fckk.tlog\link.read.1.tlog
c:\users\vinh\source\repos\fckk.sln\fckk\debug\fckk.tlog\link.write.1.tlog
